c:\users\mnycz\source\repos\astar\x64\debug\astarasm.lib
c:\users\mnycz\source\repos\astar\x64\debug\astarasm.exp
c:\users\mnycz\source\repos\astar\astarasm\x64\debug\astarasm.pch
c:\users\mnycz\source\repos\astar\astarasm\x64\debug\vc142.pdb
c:\users\mnycz\source\repos\astar\astarasm\x64\debug\vc142.idb
c:\users\mnycz\source\repos\astar\astarasm\x64\debug\pch.obj
c:\users\mnycz\source\repos\astar\astarasm\x64\debug\dllmain.obj
c:\users\mnycz\source\repos\astar\x64\debug\astarasm.ilk
c:\users\mnycz\source\repos\astar\x64\debug\astarasm.dll
c:\users\mnycz\source\repos\astar\x64\debug\astarasm.pdb
c:\users\mnycz\source\repos\astar\astarasm\x64\debug\main.obj
c:\users\mnycz\source\repos\astar\astarasm\x64\debug\astarasm.tlog\astarasm.write.1u.tlog
c:\users\mnycz\source\repos\astar\astarasm\x64\debug\astarasm.tlog\cl.command.1.tlog
c:\users\mnycz\source\repos\astar\astarasm\x64\debug\astarasm.tlog\cl.read.1.tlog
c:\users\mnycz\source\repos\astar\astarasm\x64\debug\astarasm.tlog\cl.write.1.tlog
c:\users\mnycz\source\repos\astar\astarasm\x64\debug\astarasm.tlog\link.command.1.tlog
c:\users\mnycz\source\repos\astar\astarasm\x64\debug\astarasm.tlog\link.read.1.tlog
c:\users\mnycz\source\repos\astar\astarasm\x64\debug\astarasm.tlog\link.write.1.tlog
c:\users\mnycz\source\repos\astar\astarasm\x64\debug\astarasm.tlog\masm.read.1u.tlog
c:\users\mnycz\source\repos\astar\astarasm\x64\debug\astarasm.tlog\masm.write.1u.tlog
