  Assembling main.asm...
main.asm(3): error A2013: .MODEL must precede this directive
main.asm(5): error A2034: must be in segment block : calculateDistanceASM
main.asm(7): error A2034: must be in segment block
main.asm(8): error A2034: must be in segment block
main.asm(9): error A2034: must be in segment block
main.asm(10): error A2034: must be in segment block
main.asm(11): error A2034: must be in segment block
main.asm(13): error A2034: must be in segment block
main.asm(15): error A2034: must be in segment block
main.asm(16): error A2034: must be in segment block
main.asm(17): error A2034: must be in segment block
main.asm(18): error A2034: must be in segment block
main.asm(19): error A2034: must be in segment block
main.asm(21): error A2034: must be in segment block
main.asm(23): error A2034: must be in segment block
main.asm(24): error A2034: must be in segment block
main.asm(25): error A2034: must be in segment block
main.asm(26): error A2034: must be in segment block
main.asm(27): error A2034: must be in segment block
main.asm(29): error A2034: must be in segment block
main.asm(32): error A2034: must be in segment block
main.asm(33): error A2034: must be in segment block
main.asm(34): error A2034: must be in segment block
main.asm(36): error A2034: must be in segment block
main.asm(38): fatal error A1010: unmatched block nesting : calculateDistanceASM
C:\Program Files (x86)\Microsoft Visual Studio\2019\Community\MSBuild\Microsoft\VC\v160\BuildCustomizations\masm.targets(70,5): error MSB3721: The command "ml.exe /c /nologo /Zi /Fo"Debug\main.obj" /W3 /errorReport:prompt  /Tamain.asm" exited with code 1.
